<?xml version="1.0" encoding="UTF-8"?>
<!-- Generated by org.testng.reporters.JUnitReportReporter -->
<testsuite hostname="Andrey" failures="0" tests="1" name="org.example.tests.CityTest" time="19.373" errors="0" timestamp="06 дек. 2020 10:06:59 GMT" skipped="0">
  <testcase classname="org.example.tests.CityTest" name="cityTest" time="19.373"/>
</testsuite> <!-- org.example.tests.CityTest -->
