<?xml version="1.0" encoding="UTF-8"?>
<!-- Generated by org.testng.reporters.JUnitReportReporter -->
<testsuite hostname="Andrey" failures="0" tests="3" name="org.example.tests.CityTest" time="43.068" errors="0" timestamp="19 дек. 2020 06:40:15 GMT" skipped="0">
  <testcase classname="org.example.tests.CityTest" name="cityTest" time="9.512"/>
  <testcase classname="org.example.tests.CityTest" name="cityTest" time="21.596"/>
  <testcase classname="org.example.tests.CityTest" name="cityTest" time="11.960"/>
</testsuite> <!-- org.example.tests.CityTest -->
