<?xml version="1.0" encoding="UTF-8"?>
<!-- Generated by org.testng.reporters.JUnitReportReporter -->
<testsuite hostname="Andrey" failures="0" tests="1" name="org.example.tests.LoginTest" time="28.195" errors="0" timestamp="19 дек. 2020 06:40:15 GMT" skipped="0">
  <testcase classname="org.example.tests.LoginTest" name="loginTest" time="28.195"/>
</testsuite> <!-- org.example.tests.LoginTest -->
