<?xml version="1.0" encoding="UTF-8"?>
<!-- Generated by org.testng.reporters.JUnitReportReporter -->
<testsuite hostname="Andrey" failures="0" tests="1" name="org.example.tests.CityTest" time="32.739" errors="0" timestamp="12 дек. 2020 06:47:39 GMT" skipped="0">
  <testcase classname="org.example.tests.CityTest" name="cityTest" time="32.739"/>
</testsuite> <!-- org.example.tests.CityTest -->
