<?xml version="1.0" encoding="UTF-8"?>
<!-- Generated by org.testng.reporters.JUnitReportReporter -->
<testsuite hostname="Andrey" failures="0" tests="1" name="org.example.CityTest" time="17.750" errors="0" timestamp="21 нояб. 2020 10:03:35 GMT" skipped="0">
  <testcase classname="org.example.CityTest" name="cityTest" time="17.750"/>
</testsuite> <!-- org.example.CityTest -->
